e:\c++_client\maplestory_api\maplestory_api\binobj\vc142.pdb
e:\c++_client\maplestory_api\maplestory_api\binobj\vc142.idb
e:\c++_client\maplestory_api\maplestory_api\binobj\animationsequence.obj
e:\c++_client\maplestory_api\maplestory_api\binobj\ref.obj
e:\c++_client\maplestory_api\maplestory_api\binobj\pathmanager.obj
e:\c++_client\maplestory_api\maplestory_api\binobj\player.obj
e:\c++_client\maplestory_api\maplestory_api\binobj\gameobject.obj
e:\c++_client\maplestory_api\maplestory_api\binobj\character.obj
e:\c++_client\maplestory_api\maplestory_api\binobj\math.obj
e:\c++_client\maplestory_api\maplestory_api\binobj\tilemap.obj
e:\c++_client\maplestory_api\maplestory_api\binobj\tile.obj
e:\c++_client\maplestory_api\maplestory_api\binobj\scrollmap.obj
e:\c++_client\maplestory_api\maplestory_api\binobj\mapbase.obj
e:\c++_client\maplestory_api\maplestory_api\binobj\main.obj
e:\c++_client\maplestory_api\maplestory_api\binobj\input.obj
e:\c++_client\maplestory_api\maplestory_api\binobj\gamemanager.obj
e:\c++_client\maplestory_api\maplestory_api\binobj\collisionmanager.obj
e:\c++_client\maplestory_api\maplestory_api\binobj\collision.obj
e:\c++_client\maplestory_api\maplestory_api\binobj\collidersphere.obj
e:\c++_client\maplestory_api\maplestory_api\binobj\colliderbox.obj
e:\c++_client\maplestory_api\maplestory_api\binobj\collider.obj
e:\c++_client\maplestory_api\maplestory_api\binobj\animation.obj
e:\c++_client\maplestory_api\maplestory_api\binobj\uicharacterstatehud.obj
e:\c++_client\maplestory_api\maplestory_api\binobj\progressbar.obj
e:\c++_client\maplestory_api\maplestory_api\binobj\numberwidget.obj
e:\c++_client\maplestory_api\maplestory_api\binobj\mousewidget.obj
e:\c++_client\maplestory_api\maplestory_api\binobj\button.obj
e:\c++_client\maplestory_api\maplestory_api\binobj\timer.obj
e:\c++_client\maplestory_api\maplestory_api\binobj\tutorialmap.obj
e:\c++_client\maplestory_api\maplestory_api\binobj\startscene.obj
e:\c++_client\maplestory_api\maplestory_api\binobj\sceneresource.obj
e:\c++_client\maplestory_api\maplestory_api\binobj\scenemanager.obj
e:\c++_client\maplestory_api\maplestory_api\binobj\scenecollision.obj
e:\c++_client\maplestory_api\maplestory_api\binobj\scene.obj
e:\c++_client\maplestory_api\maplestory_api\binobj\mainscene.obj
e:\c++_client\maplestory_api\maplestory_api\binobj\editorscene.obj
e:\c++_client\maplestory_api\maplestory_api\binobj\editordlg.obj
e:\c++_client\maplestory_api\maplestory_api\binobj\camera.obj
e:\c++_client\maplestory_api\maplestory_api\binobj\texture.obj
e:\c++_client\maplestory_api\maplestory_api\binobj\sound.obj
e:\c++_client\maplestory_api\maplestory_api\binobj\resourcemanager.obj
e:\c++_client\maplestory_api\maplestory_api\binobj\font.obj
e:\c++_client\maplestory_api\maplestory_api\binobj\widgetcomponent.obj
e:\c++_client\maplestory_api\maplestory_api\binobj\uiwindow.obj
e:\c++_client\maplestory_api\maplestory_api\binobj\uiwidget.obj
e:\c++_client\maplestory_api\maplestory_api\binobj\uitext.obj
e:\c++_client\maplestory_api\maplestory_api\binobj\uistart.obj
e:\c++_client\maplestory_api\maplestory_api\binobj\uimain.obj
e:\c++_client\maplestory_api\maplestory_api\binobj\uiimage.obj
e:\c++_client\maplestory_api\maplestory_api\binobj\phantomblow.obj
e:\c++_client\maplestory_api\maplestory_api\binobj\bladefury.obj
e:\c++_client\maplestory_api\maplestory_api\bin\maplestory_api_debug.exe
e:\c++_client\maplestory_api\maplestory_api\binobj\maplestory_api_debug.ilk
e:\c++_client\maplestory_api\maplestory_api\bin\maplestory_api_debug.pdb
e:\c++_client\maplestory_api\maplestory_api\binobj\maplestory_api.res
e:\c++_client\maplestory_api\maplestory_api\binobj\player.obj.enc
e:\c++_client\maplestory_api\maplestory_api\binobj\../bin/maplestory_api_debug.pdb
e:\c++_client\maplestory_api\maplestory_api\binobj\maplestory_api.tlog\cl.command.1.tlog
e:\c++_client\maplestory_api\maplestory_api\binobj\maplestory_api.tlog\cl.read.1.tlog
e:\c++_client\maplestory_api\maplestory_api\binobj\maplestory_api.tlog\cl.write.1.tlog
e:\c++_client\maplestory_api\maplestory_api\binobj\maplestory_api.tlog\link.command.1.tlog
e:\c++_client\maplestory_api\maplestory_api\binobj\maplestory_api.tlog\link.read.1.tlog
e:\c++_client\maplestory_api\maplestory_api\binobj\maplestory_api.tlog\link.write.1.tlog
e:\c++_client\maplestory_api\maplestory_api\binobj\maplestory_api.tlog\rc.command.1.tlog
e:\c++_client\maplestory_api\maplestory_api\binobj\maplestory_api.tlog\rc.read.1.tlog
e:\c++_client\maplestory_api\maplestory_api\binobj\maplestory_api.tlog\rc.write.1.tlog
