  Animation.cpp
  Collider.cpp
  ColliderBox.cpp
  ColliderSphere.cpp
  Collision.cpp
  CollisionManager.cpp
  GameManager.cpp
  Input.cpp
  main.cpp
  MapBase.cpp
  ScrollMap.cpp
  Tile.cpp
  TileMap.cpp
  Math.cpp
  BladeFury.cpp
  Character.cpp
  GameObject.cpp
  PhantomBlow.cpp
  Player.cpp
  ShadowBlade.cpp
  코드를 생성하고 있습니다...
  컴파일하고 있습니다...
  PathManager.cpp
  Ref.cpp
  AnimationSequence.cpp
  Font.cpp
  ResourceManager.cpp
  Sound.cpp
  Texture.cpp
  Camera.cpp
  EditorDlg.cpp
  EditorScene.cpp
  Scene.cpp
  SceneCollision.cpp
  SceneManager.cpp
  SceneResource.cpp
  StartScene.cpp
  TutorialMap.cpp
  Timer.cpp
  Button.cpp
  MouseWidget.cpp
  NumberWidget.cpp
  코드를 생성하고 있습니다...
  컴파일하고 있습니다...
  ProgressBar.cpp
  UICharacterStateHUD.cpp
  UIImage.cpp
  UIMain.cpp
  UIStart.cpp
  UIText.cpp
  UITutorial.cpp
  UIWidget.cpp
  UIWindow.cpp
  WidgetComponent.cpp
  코드를 생성하고 있습니다...
  MapleStory_API.vcxproj -> E:\C++_Client\MapleStory_API\MapleStory_API\Bin\MapleStory_API_Debug.exe
